<?xml version="1.0" encoding="UTF-8"?>
<!-- Generated by org.testng.reporters.JUnitReportReporter -->
<testsuite hostname="DESKTOP-I1CRM1S" name="Project.NewMaven.login" tests="1" failures="0" timestamp="2 Dec 2020 01:41:34 GMT" time="6.793" errors="1">
  <testcase name="verify" time="6.793" classname="Project.NewMaven.login">
    <error type="org.openqa.selenium.SessionNotCreatedException" message="session not created: This version of ChromeDriver only supports Chrome version 84
Build info: version: &#039;3.141.59&#039;, revision: &#039;e82be7d358&#039;, time: &#039;2018-11-14T08:17:03&#039;
System info: host: &#039;DESKTOP-I1CRM1S&#039;, ip: &#039;192.168.36.15&#039;, os.name: &#039;Windows 10&#039;, os.arch: &#039;amd64&#039;, os.version: &#039;10.0&#039;, java.version: &#039;1.8.0_261&#039;
Driver info: driver.version: ChromeDriver
remote stacktrace: Backtrace:
	Ordinal0 [0x008A87E3+2852835]
	Ordinal0 [0x00795BB1+1727409]
	Ordinal0 [0x0066E4B9+517305]
	Ordinal0 [0x00600BA0+68512]
	Ordinal0 [0x005FD3A0+54176]
	Ordinal0 [0x0061D9F7+186871]
	Ordinal0 [0x0061D7FD+186365]
	Ordinal0 [0x0061B70B+177931]
	Ordinal0 [0x00602584+75140]
	Ordinal0 [0x00603650+79440]
	Ordinal0 [0x006035E9+79337]
	Ordinal0 [0x007AAD5C+1813852]
	GetHandleVerifier [0x009CC616+1075574]
	GetHandleVerifier [0x009CC367+1074887]
	GetHandleVerifier [0x009D7497+1120247]
	GetHandleVerifier [0x009CCC16+1077110]
	Ordinal0 [0x007A3206+1782278]
	Ordinal0 [0x007AC3BB+1819579]
	Ordinal0 [0x007AC523+1819939]
	Ordinal0 [0x007C2B45+1911621]
	BaseThreadInitThunk [0x76BD6359+25]
	RtlGetAppContainerNamedObjectPath [0x77018944+228]
	RtlGetAppContainerNamedObjectPath [0x77018914+180]
">
      <![CDATA[org.openqa.selenium.SessionNotCreatedException: session not created: This version of ChromeDriver only supports Chrome version 84
Build info: version: '3.141.59', revision: 'e82be7d358', time: '2018-11-14T08:17:03'
System info: host: 'DESKTOP-I1CRM1S', ip: '192.168.36.15', os.name: 'Windows 10', os.arch: 'amd64', os.version: '10.0', java.version: '1.8.0_261'
Driver info: driver.version: ChromeDriver
remote stacktrace: Backtrace:
	Ordinal0 [0x008A87E3+2852835]
	Ordinal0 [0x00795BB1+1727409]
	Ordinal0 [0x0066E4B9+517305]
	Ordinal0 [0x00600BA0+68512]
	Ordinal0 [0x005FD3A0+54176]
	Ordinal0 [0x0061D9F7+186871]
	Ordinal0 [0x0061D7FD+186365]
	Ordinal0 [0x0061B70B+177931]
	Ordinal0 [0x00602584+75140]
	Ordinal0 [0x00603650+79440]
	Ordinal0 [0x006035E9+79337]
	Ordinal0 [0x007AAD5C+1813852]
	GetHandleVerifier [0x009CC616+1075574]
	GetHandleVerifier [0x009CC367+1074887]
	GetHandleVerifier [0x009D7497+1120247]
	GetHandleVerifier [0x009CCC16+1077110]
	Ordinal0 [0x007A3206+1782278]
	Ordinal0 [0x007AC3BB+1819579]
	Ordinal0 [0x007AC523+1819939]
	Ordinal0 [0x007C2B45+1911621]
	BaseThreadInitThunk [0x76BD6359+25]
	RtlGetAppContainerNamedObjectPath [0x77018944+228]
	RtlGetAppContainerNamedObjectPath [0x77018914+180]

	at sun.reflect.NativeConstructorAccessorImpl.newInstance0(Native Method)
	at sun.reflect.NativeConstructorAccessorImpl.newInstance(NativeConstructorAccessorImpl.java:62)
	at sun.reflect.DelegatingConstructorAccessorImpl.newInstance(DelegatingConstructorAccessorImpl.java:45)
	at java.lang.reflect.Constructor.newInstance(Constructor.java:423)
	at org.openqa.selenium.remote.W3CHandshakeResponse.lambda$errorHandler$0(W3CHandshakeResponse.java:62)
	at org.openqa.selenium.remote.HandshakeResponse.lambda$getResponseFunction$0(HandshakeResponse.java:30)
	at org.openqa.selenium.remote.ProtocolHandshake.lambda$createSession$0(ProtocolHandshake.java:126)
	at java.util.stream.ReferencePipeline$3$1.accept(ReferencePipeline.java:193)
	at java.util.Spliterators$ArraySpliterator.tryAdvance(Spliterators.java:958)
	at java.util.stream.ReferencePipeline.forEachWithCancel(ReferencePipeline.java:126)
	at java.util.stream.AbstractPipeline.copyIntoWithCancel(AbstractPipeline.java:499)
	at java.util.stream.AbstractPipeline.copyInto(AbstractPipeline.java:486)
	at java.util.stream.AbstractPipeline.wrapAndCopyInto(AbstractPipeline.java:472)
	at java.util.stream.FindOps$FindOp.evaluateSequential(FindOps.java:152)
	at java.util.stream.AbstractPipeline.evaluate(AbstractPipeline.java:234)
	at java.util.stream.ReferencePipeline.findFirst(ReferencePipeline.java:464)
	at org.openqa.selenium.remote.ProtocolHandshake.createSession(ProtocolHandshake.java:128)
	at org.openqa.selenium.remote.ProtocolHandshake.createSession(ProtocolHandshake.java:74)
	at org.openqa.selenium.remote.HttpCommandExecutor.execute(HttpCommandExecutor.java:136)
	at org.openqa.selenium.remote.service.DriverCommandExecutor.execute(DriverCommandExecutor.java:83)
	at org.openqa.selenium.remote.RemoteWebDriver.execute(RemoteWebDriver.java:552)
	at org.openqa.selenium.remote.RemoteWebDriver.startSession(RemoteWebDriver.java:213)
	at org.openqa.selenium.remote.RemoteWebDriver.<init>(RemoteWebDriver.java:131)
	at org.openqa.selenium.chrome.ChromeDriver.<init>(ChromeDriver.java:181)
	at org.openqa.selenium.chrome.ChromeDriver.<init>(ChromeDriver.java:168)
	at org.openqa.selenium.chrome.ChromeDriver.<init>(ChromeDriver.java:123)
	at Project.NewMaven.login.verify(login.java:11)
	at sun.reflect.NativeMethodAccessorImpl.invoke0(Native Method)
	at sun.reflect.NativeMethodAccessorImpl.invoke(NativeMethodAccessorImpl.java:62)
	at sun.reflect.DelegatingMethodAccessorImpl.invoke(DelegatingMethodAccessorImpl.java:43)
	at java.lang.reflect.Method.invoke(Method.java:498)
	at org.testng.internal.MethodInvocationHelper.invokeMethod(MethodInvocationHelper.java:85)
	at org.testng.internal.Invoker.invokeMethod(Invoker.java:663)
	at org.testng.internal.Invoker.invokeTestMethod(Invoker.java:849)
	at org.testng.internal.Invoker.invokeTestMethods(Invoker.java:1157)
	at org.testng.internal.TestMethodWorker.invokeTestMethods(TestMethodWorker.java:124)
	at org.testng.internal.TestMethodWorker.run(TestMethodWorker.java:108)
	at org.testng.TestRunner.privateRun(TestRunner.java:771)
	at org.testng.TestRunner.run(TestRunner.java:621)
	at org.testng.SuiteRunner.runTest(SuiteRunner.java:357)
	at org.testng.SuiteRunner.runSequentially(SuiteRunner.java:352)
	at org.testng.SuiteRunner.privateRun(SuiteRunner.java:310)
	at org.testng.SuiteRunner.run(SuiteRunner.java:259)
	at org.testng.SuiteRunnerWorker.runSuite(SuiteRunnerWorker.java:52)
	at org.testng.SuiteRunnerWorker.run(SuiteRunnerWorker.java:86)
	at org.testng.TestNG.runSuitesSequentially(TestNG.java:1200)
	at org.testng.TestNG.runSuitesLocally(TestNG.java:1125)
	at org.testng.TestNG.run(TestNG.java:1033)
	at org.testng.remote.RemoteTestNG.run(RemoteTestNG.java:111)
	at org.testng.remote.RemoteTestNG.initAndRun(RemoteTestNG.java:204)
	at org.testng.remote.RemoteTestNG.main(RemoteTestNG.java:175)
]]>
    </error>
  </testcase> <!-- verify -->
</testsuite> <!-- Project.NewMaven.login -->
